<?xml version="1.0" encoding="UTF-8"?>
<testsuite name="com.twiliopowerup.twiliopowerup.TwilioControllerTest" tests="2" skipped="0" failures="0" errors="0" timestamp="2023-06-16T22:44:26" hostname="SOFIAMILLAN" time="1.535">
  <properties/>
  <testcase name="SendMessage_Should_ReturnResponseEntityOk_WhenHandlerReturnsTrue()" classname="com.twiliopowerup.twiliopowerup.TwilioControllerTest" time="1.516"/>
  <testcase name="Cancel_Should_ReturnResponseEntityOk_WhenHandlerReturnsTrue()" classname="com.twiliopowerup.twiliopowerup.TwilioControllerTest" time="0.011"/>
  <system-out><![CDATA[]]></system-out>
  <system-err><![CDATA[]]></system-err>
</testsuite>
